<?xml version="1.0" encoding="UTF-8"?>
<!-- Generated by org.testng.reporters.JUnitReportReporter -->
<testsuite hostname="LAPTOP-TGHK88CQ" name="csv.TestAdvancedSearch" tests="3" failures="0" timestamp="28 Jul 2018 09:32:42 GMT" time="24.098" errors="0">
  <testcase name="f" time="7.046" classname="csv.TestAdvancedSearch"/>
  <testcase name="f" time="9.909" classname="csv.TestAdvancedSearch"/>
  <testcase name="f" time="7.143" classname="csv.TestAdvancedSearch"/>
</testsuite> <!-- csv.TestAdvancedSearch -->
