<?xml version="1.0" encoding="UTF-8"?>
<!-- Generated by org.testng.reporters.JUnitReportReporter -->
<testsuite hostname="LAPTOP-TGHK88CQ" name="org.tedu.mavenPro2.TestAdvancedSearch" tests="3" failures="0" timestamp="28 Jul 2018 09:32:42 GMT" time="22.236" errors="0">
  <testcase name="f" time="7.128" classname="org.tedu.mavenPro2.TestAdvancedSearch"/>
  <testcase name="f" time="7.902" classname="org.tedu.mavenPro2.TestAdvancedSearch"/>
  <testcase name="f" time="7.206" classname="org.tedu.mavenPro2.TestAdvancedSearch"/>
</testsuite> <!-- org.tedu.mavenPro2.TestAdvancedSearch -->
