<?xml version="1.0" encoding="UTF-8"?>
<!-- Generated by org.testng.reporters.JUnitReportReporter -->
<testsuite hostname="LAPTOP-TGHK88CQ" name="ECshop.TestECshopSearch" tests="1" failures="0" timestamp="28 Jul 2018 09:32:42 GMT" time="16.249" errors="0">
  <testcase name="f" time="16.249" classname="ECshop.TestECshopSearch"/>
</testsuite> <!-- ECshop.TestECshopSearch -->
