<?xml version="1.0" encoding="UTF-8"?>
<!-- Generated by org.testng.reporters.JUnitReportReporter -->
<testsuite hostname="LAPTOP-TGHK88CQ" name="org.tedu.mavenPro2.TestLog4j" tests="1" failures="0" timestamp="28 Jul 2018 09:32:42 GMT" time="7.755" errors="0">
  <testcase name="f" time="7.755" classname="org.tedu.mavenPro2.TestLog4j"/>
</testsuite> <!-- org.tedu.mavenPro2.TestLog4j -->
