<?xml version="1.0" encoding="UTF-8"?>
<!-- Generated by org.testng.reporters.JUnitReportReporter -->
<testsuite hostname="LAPTOP-TGHK88CQ" name="org.tedu.mavenPro2.AppTest" tests="1" failures="0" timestamp="28 Jul 2018 09:32:42 GMT" time="0.000" errors="0">
  <testcase name="shouldAnswerWithTrue" time="0.000" classname="org.tedu.mavenPro2.AppTest"/>
</testsuite> <!-- org.tedu.mavenPro2.AppTest -->
