<?xml version="1.0" encoding="UTF-8"?>
<!-- Generated by org.testng.reporters.JUnitReportReporter -->
<testsuite hostname="LAPTOP-TGHK88CQ" name="org.tedu.mavenPro2.CopyOfAppTest111" tests="1" failures="0" timestamp="16 Jul 2018 07:30:02 GMT" time="0.009" errors="0">
  <testcase name="shouldAnswerWithTrue" time="0.009" classname="org.tedu.mavenPro2.CopyOfAppTest111"/>
</testsuite> <!-- org.tedu.mavenPro2.CopyOfAppTest111 -->
