<?xml version="1.0" encoding="UTF-8"?>
<!-- Generated by org.testng.reporters.JUnitReportReporter -->
<testsuite hostname="LAPTOP-TGHK88CQ" name="org.tedu.mavenPro2.CopyOfApp1Test1" tests="1" failures="0" timestamp="16 Jul 2018 07:30:02 GMT" time="0.002" errors="0">
  <testcase name="testa" time="0.002" classname="org.tedu.mavenPro2.CopyOfApp1Test1"/>
</testsuite> <!-- org.tedu.mavenPro2.CopyOfApp1Test1 -->
