<?xml version="1.0" encoding="UTF-8"?>
<!-- Generated by org.testng.reporters.JUnitReportReporter -->
<testsuite hostname="LAPTOP-TGHK88CQ" name="org.tedu.mavenPro2.AppTest" tests="1" failures="0" timestamp="15 Jul 2018 08:08:14 GMT" time="0.012" errors="0">
  <testcase name="shouldAnswerWithTrue" time="0.012" classname="org.tedu.mavenPro2.AppTest"/>
</testsuite> <!-- org.tedu.mavenPro2.AppTest -->
